This is pdfTeX, Version 3.14159265-2.6-1.40.19 (TeX Live 2018) (preloaded format=pdflatex 2019.4.12)  26 MAR 2022 11:39
entering extended mode
 \write18 enabled.
 file:line:error style messages enabled.
 %&-line parsing enabled.
**main-correct.tex
(./main-correct.tex
LaTeX2e <2018-12-01>
(./main.tex (/usr/local/texlive/2018/texmf-dist/tex/latex/base/book.cls
Document Class: book 2018/09/03 v1.4i Standard LaTeX document class
(/usr/local/texlive/2018/texmf-dist/tex/latex/base/bk10.clo
File: bk10.clo 2018/09/03 v1.4i Standard LaTeX file (size option)
)
\c@part=\count80
\c@chapter=\count81
\c@section=\count82
\c@subsection=\count83
\c@subsubsection=\count84
\c@paragraph=\count85
\c@subparagraph=\count86
\c@figure=\count87
\c@table=\count88
\abovecaptionskip=\skip41
\belowcaptionskip=\skip42
\bibindent=\dimen102
)
(/usr/local/texlive/2018/texmf-dist/tex/latex/base/inputenc.sty
Package: inputenc 2018/08/11 v1.3c Input encoding file
\inpenc@prehook=\toks14
\inpenc@posthook=\toks15
)
(/usr/local/texlive/2018/texmf-dist/tex/latex/psnfss/mathptmx.sty
Package: mathptmx 2005/04/12 PSNFSS-v9.2a Times w/ Math, improved (SPQR, WaS) 
LaTeX Font Info:    Redeclaring symbol font `operators' on input line 28.
LaTeX Font Info:    Overwriting symbol font `operators' in version `normal'
(Font)                  OT1/cmr/m/n --> OT1/ztmcm/m/n on input line 28.
LaTeX Font Info:    Overwriting symbol font `operators' in version `bold'
(Font)                  OT1/cmr/bx/n --> OT1/ztmcm/m/n on input line 28.
LaTeX Font Info:    Redeclaring symbol font `letters' on input line 29.
LaTeX Font Info:    Overwriting symbol font `letters' in version `normal'
(Font)                  OML/cmm/m/it --> OML/ztmcm/m/it on input line 29.
LaTeX Font Info:    Overwriting symbol font `letters' in version `bold'
(Font)                  OML/cmm/b/it --> OML/ztmcm/m/it on input line 29.
LaTeX Font Info:    Redeclaring symbol font `symbols' on input line 30.
LaTeX Font Info:    Overwriting symbol font `symbols' in version `normal'
(Font)                  OMS/cmsy/m/n --> OMS/ztmcm/m/n on input line 30.
LaTeX Font Info:    Overwriting symbol font `symbols' in version `bold'
(Font)                  OMS/cmsy/b/n --> OMS/ztmcm/m/n on input line 30.
LaTeX Font Info:    Redeclaring symbol font `largesymbols' on input line 31.
LaTeX Font Info:    Overwriting symbol font `largesymbols' in version `normal'
(Font)                  OMX/cmex/m/n --> OMX/ztmcm/m/n on input line 31.
LaTeX Font Info:    Overwriting symbol font `largesymbols' in version `bold'
(Font)                  OMX/cmex/m/n --> OMX/ztmcm/m/n on input line 31.
\symbold=\mathgroup4
\symitalic=\mathgroup5
LaTeX Font Info:    Redeclaring math alphabet \mathbf on input line 34.
LaTeX Font Info:    Overwriting math alphabet `\mathbf' in version `normal'
(Font)                  OT1/cmr/bx/n --> OT1/ptm/bx/n on input line 34.
LaTeX Font Info:    Overwriting math alphabet `\mathbf' in version `bold'
(Font)                  OT1/cmr/bx/n --> OT1/ptm/bx/n on input line 34.
LaTeX Font Info:    Redeclaring math alphabet \mathit on input line 35.
LaTeX Font Info:    Overwriting math alphabet `\mathit' in version `normal'
(Font)                  OT1/cmr/m/it --> OT1/ptm/m/it on input line 35.
LaTeX Font Info:    Overwriting math alphabet `\mathit' in version `bold'
(Font)                  OT1/cmr/bx/it --> OT1/ptm/m/it on input line 35.
LaTeX Info: Redefining \hbar on input line 50.
)
(/usr/local/texlive/2018/texmf-dist/tex/latex/geometry/geometry.sty
Package: geometry 2018/04/16 v5.8 Page Geometry

(/usr/local/texlive/2018/texmf-dist/tex/latex/graphics/keyval.sty
Package: keyval 2014/10/28 v1.15 key=value parser (DPC)
\KV@toks@=\toks16
)
(/usr/local/texlive/2018/texmf-dist/tex/generic/oberdiek/ifpdf.sty
Package: ifpdf 2018/09/07 v3.3 Provides the ifpdf switch
)
(/usr/local/texlive/2018/texmf-dist/tex/generic/oberdiek/ifvtex.sty
Package: ifvtex 2016/05/16 v1.6 Detect VTeX and its facilities (HO)
Package ifvtex Info: VTeX not detected.
)
(/usr/local/texlive/2018/texmf-dist/tex/generic/ifxetex/ifxetex.sty
Package: ifxetex 2010/09/12 v0.6 Provides ifxetex conditional
)
\Gm@cnth=\count89
\Gm@cntv=\count90
\c@Gm@tempcnt=\count91
\Gm@bindingoffset=\dimen103
\Gm@wd@mp=\dimen104
\Gm@odd@mp=\dimen105
\Gm@even@mp=\dimen106
\Gm@layoutwidth=\dimen107
\Gm@layoutheight=\dimen108
\Gm@layouthoffset=\dimen109
\Gm@layoutvoffset=\dimen110
\Gm@dimlist=\toks17
)
(/usr/local/texlive/2018/texmf-dist/tex/latex/titlesec/titlesec.sty
Package: titlesec 2016/03/21 v2.10.2 Sectioning titles
\ttl@box=\box27
\beforetitleunit=\skip43
\aftertitleunit=\skip44
\ttl@plus=\dimen111
\ttl@minus=\dimen112
\ttl@toksa=\toks18
\titlewidth=\dimen113
\titlewidthlast=\dimen114
\titlewidthfirst=\dimen115
)
(./chartsprolog.tex
(/usr/local/texlive/2018/texmf-dist/tex/latex/pgf/frontendlayer/tikz.sty
(/usr/local/texlive/2018/texmf-dist/tex/latex/pgf/basiclayer/pgf.sty
(/usr/local/texlive/2018/texmf-dist/tex/latex/pgf/utilities/pgfrcs.sty
(/usr/local/texlive/2018/texmf-dist/tex/generic/pgf/utilities/pgfutil-common.te
x
\pgfutil@everybye=\toks19
\pgfutil@tempdima=\dimen116
\pgfutil@tempdimb=\dimen117

(/usr/local/texlive/2018/texmf-dist/tex/generic/pgf/utilities/pgfutil-common-li
sts.tex))
(/usr/local/texlive/2018/texmf-dist/tex/generic/pgf/utilities/pgfutil-latex.def
\pgfutil@abb=\box28
(/usr/local/texlive/2018/texmf-dist/tex/latex/ms/everyshi.sty
Package: everyshi 2001/05/15 v3.00 EveryShipout Package (MS)
))
(/usr/local/texlive/2018/texmf-dist/tex/generic/pgf/utilities/pgfrcs.code.tex
(/usr/local/texlive/2018/texmf-dist/tex/generic/pgf/pgf.revision.tex)
Package: pgfrcs 2019/02/02 v3.1.1 (3.1.1)
))
Package: pgf 2019/02/02 v3.1.1 (3.1.1)

(/usr/local/texlive/2018/texmf-dist/tex/latex/pgf/basiclayer/pgfcore.sty
(/usr/local/texlive/2018/texmf-dist/tex/latex/graphics/graphicx.sty
Package: graphicx 2017/06/01 v1.1a Enhanced LaTeX Graphics (DPC,SPQR)

(/usr/local/texlive/2018/texmf-dist/tex/latex/graphics/graphics.sty
Package: graphics 2017/06/25 v1.2c Standard LaTeX Graphics (DPC,SPQR)

(/usr/local/texlive/2018/texmf-dist/tex/latex/graphics/trig.sty
Package: trig 2016/01/03 v1.10 sin cos tan (DPC)
)
(/usr/local/texlive/2018/texmf-dist/tex/latex/graphics-cfg/graphics.cfg
File: graphics.cfg 2016/06/04 v1.11 sample graphics configuration
)
Package graphics Info: Driver file: pdftex.def on input line 99.

(/usr/local/texlive/2018/texmf-dist/tex/latex/graphics-def/pdftex.def
File: pdftex.def 2018/01/08 v1.0l Graphics/color driver for pdftex
))
\Gin@req@height=\dimen118
\Gin@req@width=\dimen119
)
(/usr/local/texlive/2018/texmf-dist/tex/latex/pgf/systemlayer/pgfsys.sty
(/usr/local/texlive/2018/texmf-dist/tex/generic/pgf/systemlayer/pgfsys.code.tex
Package: pgfsys 2019/02/02 v3.1.1 (3.1.1)
(/usr/local/texlive/2018/texmf-dist/tex/generic/pgf/utilities/pgfkeys.code.tex
\pgfkeys@pathtoks=\toks20
\pgfkeys@temptoks=\toks21

(/usr/local/texlive/2018/texmf-dist/tex/generic/pgf/utilities/pgfkeysfiltered.c
ode.tex
\pgfkeys@tmptoks=\toks22
))
\pgf@x=\dimen120
\pgf@y=\dimen121
\pgf@xa=\dimen122
\pgf@ya=\dimen123
\pgf@xb=\dimen124
\pgf@yb=\dimen125
\pgf@xc=\dimen126
\pgf@yc=\dimen127
\w@pgf@writea=\write3
\r@pgf@reada=\read1
\c@pgf@counta=\count92
\c@pgf@countb=\count93
\c@pgf@countc=\count94
\c@pgf@countd=\count95
\t@pgf@toka=\toks23
\t@pgf@tokb=\toks24
\t@pgf@tokc=\toks25
\pgf@sys@id@count=\count96

(/usr/local/texlive/2018/texmf-dist/tex/generic/pgf/systemlayer/pgf.cfg
File: pgf.cfg 2019/02/02 v3.1.1 (3.1.1)
)
Driver file for pgf: pgfsys-pdftex.def

(/usr/local/texlive/2018/texmf-dist/tex/generic/pgf/systemlayer/pgfsys-pdftex.d
ef
File: pgfsys-pdftex.def 2019/02/02 v3.1.1 (3.1.1)

(/usr/local/texlive/2018/texmf-dist/tex/generic/pgf/systemlayer/pgfsys-common-p
df.def
File: pgfsys-common-pdf.def 2019/02/02 v3.1.1 (3.1.1)
)))
(/usr/local/texlive/2018/texmf-dist/tex/generic/pgf/systemlayer/pgfsyssoftpath.
code.tex
File: pgfsyssoftpath.code.tex 2019/02/02 v3.1.1 (3.1.1)
\pgfsyssoftpath@smallbuffer@items=\count97
\pgfsyssoftpath@bigbuffer@items=\count98
)
(/usr/local/texlive/2018/texmf-dist/tex/generic/pgf/systemlayer/pgfsysprotocol.
code.tex
File: pgfsysprotocol.code.tex 2019/02/02 v3.1.1 (3.1.1)
)) (/usr/local/texlive/2018/texmf-dist/tex/latex/xcolor/xcolor.sty
Package: xcolor 2016/05/11 v2.12 LaTeX color extensions (UK)

(/usr/local/texlive/2018/texmf-dist/tex/latex/graphics-cfg/color.cfg
File: color.cfg 2016/01/02 v1.6 sample color configuration
)
Package xcolor Info: Driver file: pdftex.def on input line 225.
Package xcolor Info: Model `cmy' substituted by `cmy0' on input line 1348.
Package xcolor Info: Model `hsb' substituted by `rgb' on input line 1352.
Package xcolor Info: Model `RGB' extended on input line 1364.
Package xcolor Info: Model `HTML' substituted by `rgb' on input line 1366.
Package xcolor Info: Model `Hsb' substituted by `hsb' on input line 1367.
Package xcolor Info: Model `tHsb' substituted by `hsb' on input line 1368.
Package xcolor Info: Model `HSB' substituted by `hsb' on input line 1369.
Package xcolor Info: Model `Gray' substituted by `gray' on input line 1370.
Package xcolor Info: Model `wave' substituted by `hsb' on input line 1371.
)
(/usr/local/texlive/2018/texmf-dist/tex/generic/pgf/basiclayer/pgfcore.code.tex
Package: pgfcore 2019/02/02 v3.1.1 (3.1.1)
(/usr/local/texlive/2018/texmf-dist/tex/generic/pgf/math/pgfmath.code.tex
(/usr/local/texlive/2018/texmf-dist/tex/generic/pgf/math/pgfmathcalc.code.tex
(/usr/local/texlive/2018/texmf-dist/tex/generic/pgf/math/pgfmathutil.code.tex)
(/usr/local/texlive/2018/texmf-dist/tex/generic/pgf/math/pgfmathparser.code.tex
\pgfmath@dimen=\dimen128
\pgfmath@count=\count99
\pgfmath@box=\box29
\pgfmath@toks=\toks26
\pgfmath@stack@operand=\toks27
\pgfmath@stack@operation=\toks28
)
(/usr/local/texlive/2018/texmf-dist/tex/generic/pgf/math/pgfmathfunctions.code.
tex
(/usr/local/texlive/2018/texmf-dist/tex/generic/pgf/math/pgfmathfunctions.basic
.code.tex)
(/usr/local/texlive/2018/texmf-dist/tex/generic/pgf/math/pgfmathfunctions.trigo
nometric.code.tex)
(/usr/local/texlive/2018/texmf-dist/tex/generic/pgf/math/pgfmathfunctions.rando
m.code.tex)
(/usr/local/texlive/2018/texmf-dist/tex/generic/pgf/math/pgfmathfunctions.compa
rison.code.tex)
(/usr/local/texlive/2018/texmf-dist/tex/generic/pgf/math/pgfmathfunctions.base.
code.tex)
(/usr/local/texlive/2018/texmf-dist/tex/generic/pgf/math/pgfmathfunctions.round
.code.tex)
(/usr/local/texlive/2018/texmf-dist/tex/generic/pgf/math/pgfmathfunctions.misc.
code.tex)
(/usr/local/texlive/2018/texmf-dist/tex/generic/pgf/math/pgfmathfunctions.integ
erarithmetics.code.tex)))
(/usr/local/texlive/2018/texmf-dist/tex/generic/pgf/math/pgfmathfloat.code.tex
\c@pgfmathroundto@lastzeros=\count100
))
(/usr/local/texlive/2018/texmf-dist/tex/generic/pgf/basiclayer/pgfcorepoints.co
de.tex
File: pgfcorepoints.code.tex 2019/02/02 v3.1.1 (3.1.1)
\pgf@picminx=\dimen129
\pgf@picmaxx=\dimen130
\pgf@picminy=\dimen131
\pgf@picmaxy=\dimen132
\pgf@pathminx=\dimen133
\pgf@pathmaxx=\dimen134
\pgf@pathminy=\dimen135
\pgf@pathmaxy=\dimen136
\pgf@xx=\dimen137
\pgf@xy=\dimen138
\pgf@yx=\dimen139
\pgf@yy=\dimen140
\pgf@zx=\dimen141
\pgf@zy=\dimen142
)
(/usr/local/texlive/2018/texmf-dist/tex/generic/pgf/basiclayer/pgfcorepathconst
ruct.code.tex
File: pgfcorepathconstruct.code.tex 2019/02/02 v3.1.1 (3.1.1)
\pgf@path@lastx=\dimen143
\pgf@path@lasty=\dimen144
)
(/usr/local/texlive/2018/texmf-dist/tex/generic/pgf/basiclayer/pgfcorepathusage
.code.tex
File: pgfcorepathusage.code.tex 2019/02/02 v3.1.1 (3.1.1)
\pgf@shorten@end@additional=\dimen145
\pgf@shorten@start@additional=\dimen146
)
(/usr/local/texlive/2018/texmf-dist/tex/generic/pgf/basiclayer/pgfcorescopes.co
de.tex
File: pgfcorescopes.code.tex 2019/02/02 v3.1.1 (3.1.1)
\pgfpic=\box30
\pgf@hbox=\box31
\pgf@layerbox@main=\box32
\pgf@picture@serial@count=\count101
)
(/usr/local/texlive/2018/texmf-dist/tex/generic/pgf/basiclayer/pgfcoregraphicst
ate.code.tex
File: pgfcoregraphicstate.code.tex 2019/02/02 v3.1.1 (3.1.1)
\pgflinewidth=\dimen147
)
(/usr/local/texlive/2018/texmf-dist/tex/generic/pgf/basiclayer/pgfcoretransform
ations.code.tex
File: pgfcoretransformations.code.tex 2019/02/02 v3.1.1 (3.1.1)
\pgf@pt@x=\dimen148
\pgf@pt@y=\dimen149
\pgf@pt@temp=\dimen150
)
(/usr/local/texlive/2018/texmf-dist/tex/generic/pgf/basiclayer/pgfcorequick.cod
e.tex
File: pgfcorequick.code.tex 2019/02/02 v3.1.1 (3.1.1)
)
(/usr/local/texlive/2018/texmf-dist/tex/generic/pgf/basiclayer/pgfcoreobjects.c
ode.tex
File: pgfcoreobjects.code.tex 2019/02/02 v3.1.1 (3.1.1)
)
(/usr/local/texlive/2018/texmf-dist/tex/generic/pgf/basiclayer/pgfcorepathproce
ssing.code.tex
File: pgfcorepathprocessing.code.tex 2019/02/02 v3.1.1 (3.1.1)
)
(/usr/local/texlive/2018/texmf-dist/tex/generic/pgf/basiclayer/pgfcorearrows.co
de.tex
File: pgfcorearrows.code.tex 2019/02/02 v3.1.1 (3.1.1)
\pgfarrowsep=\dimen151
)
(/usr/local/texlive/2018/texmf-dist/tex/generic/pgf/basiclayer/pgfcoreshade.cod
e.tex
File: pgfcoreshade.code.tex 2019/02/02 v3.1.1 (3.1.1)
\pgf@max=\dimen152
\pgf@sys@shading@range@num=\count102
)
(/usr/local/texlive/2018/texmf-dist/tex/generic/pgf/basiclayer/pgfcoreimage.cod
e.tex
File: pgfcoreimage.code.tex 2019/02/02 v3.1.1 (3.1.1)

(/usr/local/texlive/2018/texmf-dist/tex/generic/pgf/basiclayer/pgfcoreexternal.
code.tex
File: pgfcoreexternal.code.tex 2019/02/02 v3.1.1 (3.1.1)
\pgfexternal@startupbox=\box33
))
(/usr/local/texlive/2018/texmf-dist/tex/generic/pgf/basiclayer/pgfcorelayers.co
de.tex
File: pgfcorelayers.code.tex 2019/02/02 v3.1.1 (3.1.1)
)
(/usr/local/texlive/2018/texmf-dist/tex/generic/pgf/basiclayer/pgfcoretranspare
ncy.code.tex
File: pgfcoretransparency.code.tex 2019/02/02 v3.1.1 (3.1.1)
)
(/usr/local/texlive/2018/texmf-dist/tex/generic/pgf/basiclayer/pgfcorepatterns.
code.tex
File: pgfcorepatterns.code.tex 2019/02/02 v3.1.1 (3.1.1)
)
(/usr/local/texlive/2018/texmf-dist/tex/generic/pgf/basiclayer/pgfcorerdf.code.
tex
File: pgfcorerdf.code.tex 2019/02/02 v3.1.1 (3.1.1)
)))
(/usr/local/texlive/2018/texmf-dist/tex/generic/pgf/modules/pgfmoduleshapes.cod
e.tex
File: pgfmoduleshapes.code.tex 2019/02/02 v3.1.1 (3.1.1)
\pgfnodeparttextbox=\box34
)
(/usr/local/texlive/2018/texmf-dist/tex/generic/pgf/modules/pgfmoduleplot.code.
tex
File: pgfmoduleplot.code.tex 2019/02/02 v3.1.1 (3.1.1)
)
(/usr/local/texlive/2018/texmf-dist/tex/latex/pgf/compatibility/pgfcomp-version
-0-65.sty
Package: pgfcomp-version-0-65 2019/02/02 v3.1.1 (3.1.1)
\pgf@nodesepstart=\dimen153
\pgf@nodesepend=\dimen154
)
(/usr/local/texlive/2018/texmf-dist/tex/latex/pgf/compatibility/pgfcomp-version
-1-18.sty
Package: pgfcomp-version-1-18 2019/02/02 v3.1.1 (3.1.1)
))
(/usr/local/texlive/2018/texmf-dist/tex/latex/pgf/utilities/pgffor.sty
(/usr/local/texlive/2018/texmf-dist/tex/latex/pgf/utilities/pgfkeys.sty
(/usr/local/texlive/2018/texmf-dist/tex/generic/pgf/utilities/pgfkeys.code.tex)
) (/usr/local/texlive/2018/texmf-dist/tex/latex/pgf/math/pgfmath.sty
(/usr/local/texlive/2018/texmf-dist/tex/generic/pgf/math/pgfmath.code.tex))
(/usr/local/texlive/2018/texmf-dist/tex/generic/pgf/utilities/pgffor.code.tex
Package: pgffor 2019/02/02 v3.1.1 (3.1.1)

(/usr/local/texlive/2018/texmf-dist/tex/generic/pgf/math/pgfmath.code.tex)
\pgffor@iter=\dimen155
\pgffor@skip=\dimen156
\pgffor@stack=\toks29
\pgffor@toks=\toks30
))
(/usr/local/texlive/2018/texmf-dist/tex/generic/pgf/frontendlayer/tikz/tikz.cod
e.tex
Package: tikz 2019/02/02 v3.1.1 (3.1.1)

(/usr/local/texlive/2018/texmf-dist/tex/generic/pgf/libraries/pgflibraryplothan
dlers.code.tex
File: pgflibraryplothandlers.code.tex 2019/02/02 v3.1.1 (3.1.1)
\pgf@plot@mark@count=\count103
\pgfplotmarksize=\dimen157
)
\tikz@lastx=\dimen158
\tikz@lasty=\dimen159
\tikz@lastxsaved=\dimen160
\tikz@lastysaved=\dimen161
\tikzleveldistance=\dimen162
\tikzsiblingdistance=\dimen163
\tikz@figbox=\box35
\tikz@figbox@bg=\box36
\tikz@tempbox=\box37
\tikz@tempbox@bg=\box38
\tikztreelevel=\count104
\tikznumberofchildren=\count105
\tikznumberofcurrentchild=\count106
\tikz@fig@count=\count107

(/usr/local/texlive/2018/texmf-dist/tex/generic/pgf/modules/pgfmodulematrix.cod
e.tex
File: pgfmodulematrix.code.tex 2019/02/02 v3.1.1 (3.1.1)
\pgfmatrixcurrentrow=\count108
\pgfmatrixcurrentcolumn=\count109
\pgf@matrix@numberofcolumns=\count110
)
\tikz@expandcount=\count111

(/usr/local/texlive/2018/texmf-dist/tex/generic/pgf/frontendlayer/tikz/librarie
s/tikzlibrarytopaths.code.tex
File: tikzlibrarytopaths.code.tex 2019/02/02 v3.1.1 (3.1.1)
)))
(/usr/local/texlive/2018/texmf-dist/tex/latex/pgf/frontendlayer/libraries/tikzl
ibraryexternal.code.tex
(/usr/local/texlive/2018/texmf-dist/tex/generic/oberdiek/pdftexcmds.sty
Package: pdftexcmds 2018/09/10 v0.29 Utility functions of pdfTeX for LuaTeX (HO
)

(/usr/local/texlive/2018/texmf-dist/tex/generic/oberdiek/infwarerr.sty
Package: infwarerr 2016/05/16 v1.4 Providing info/warning/error messages (HO)
)
(/usr/local/texlive/2018/texmf-dist/tex/generic/oberdiek/ifluatex.sty
Package: ifluatex 2016/05/16 v1.4 Provides the ifluatex switch (HO)
Package ifluatex Info: LuaTeX not detected.
)
(/usr/local/texlive/2018/texmf-dist/tex/generic/oberdiek/ltxcmds.sty
Package: ltxcmds 2016/05/16 v1.23 LaTeX kernel commands for general use (HO)
)
Package pdftexcmds Info: LuaTeX not detected.
Package pdftexcmds Info: \pdf@primitive is available.
Package pdftexcmds Info: \pdf@ifprimitive is available.
Package pdftexcmds Info: \pdfdraftmode found.
)
(/usr/local/texlive/2018/texmf-dist/tex/latex/oberdiek/atveryend.sty
Package: atveryend 2016/05/16 v1.9 Hooks at the very end of document (HO)
Package atveryend Info: \enddocument detected (standard20110627).
)
(/usr/local/texlive/2018/texmf-dist/tex/generic/pgf/frontendlayer/tikz/librarie
s/tikzexternalshared.code.tex))
\openout3 = `main-correct.auxlock'.

) (./main-correct.aux (./frontmatter.aux)
(./preface.aux) (./M.aux) (./C.aux) (./U.aux) (./bibliography.aux))
\openout1 = `main-correct.aux'.

LaTeX Font Info:    Checking defaults for OML/cmm/m/it on input line 67.
LaTeX Font Info:    ... okay on input line 67.
LaTeX Font Info:    Checking defaults for T1/cmr/m/n on input line 67.
LaTeX Font Info:    ... okay on input line 67.
LaTeX Font Info:    Checking defaults for OT1/cmr/m/n on input line 67.
LaTeX Font Info:    ... okay on input line 67.
LaTeX Font Info:    Checking defaults for OMS/cmsy/m/n on input line 67.
LaTeX Font Info:    ... okay on input line 67.
LaTeX Font Info:    Checking defaults for OMX/cmex/m/n on input line 67.
LaTeX Font Info:    ... okay on input line 67.
LaTeX Font Info:    Checking defaults for U/cmr/m/n on input line 67.
LaTeX Font Info:    ... okay on input line 67.
LaTeX Font Info:    Try loading font information for OT1+ptm on input line 67.

(/usr/local/texlive/2018/texmf-dist/tex/latex/psnfss/ot1ptm.fd
File: ot1ptm.fd 2001/06/04 font definitions for OT1/ptm.
)
\big@size=\dimen164

*geometry* driver: auto-detecting
*geometry* detected driver: pdftex
*geometry* verbose mode - [ preamble ] result:
* driver: pdftex
* paper: custom
* layout: <same size as paper>
* layoutoffset:(h,v)=(0.0pt,0.0pt)
* modes: includefoot twoside 
* h-part:(L,W,R)=(43.36243pt, 310.76122pt, 43.36134pt)
* v-part:(T,H,B)=(43.36243pt, 527.57121pt, 43.36136pt)
* \paperwidth=397.48499pt
* \paperheight=614.295pt
* \textwidth=310.76122pt
* \textheight=502.27628pt
* \oddsidemargin=-28.90756pt
* \evensidemargin=-28.90865pt
* \topmargin=-58.97505pt
* \headheight=12.0pt
* \headsep=18.06749pt
* \topskip=10.0pt
* \footskip=25.29494pt
* \marginparwidth=125.0pt
* \marginparsep=7.0pt
* \columnsep=10.0pt
* \skip\footins=9.0pt plus 4.0pt minus 2.0pt
* \hoffset=0.0pt
* \voffset=0.0pt
* \mag=1000
* \@twocolumnfalse
* \@twosidetrue
* \@mparswitchtrue
* \@reversemarginfalse
* (1in=72.27pt=25.4mm, 1cm=28.453pt)

ABD: EveryShipout initializing macros
(/usr/local/texlive/2018/texmf-dist/tex/context/base/mkii/supp-pdf.mkii
[Loading MPS to PDF converter (version 2006.09.02).]
\scratchcounter=\count112
\scratchdimen=\dimen165
\scratchbox=\box39
\nofMPsegments=\count113
\nofMParguments=\count114
\everyMPshowfont=\toks31
\MPscratchCnt=\count115
\MPscratchDim=\dimen166
\MPnumerator=\count116
\makeMPintoPDFobject=\count117
\everyMPtoPDFconversion=\toks32
) (/usr/local/texlive/2018/texmf-dist/tex/latex/oberdiek/epstopdf-base.sty
Package: epstopdf-base 2016/05/15 v2.6 Base part for package epstopdf

(/usr/local/texlive/2018/texmf-dist/tex/latex/oberdiek/grfext.sty
Package: grfext 2016/05/16 v1.2 Manage graphics extensions (HO)

(/usr/local/texlive/2018/texmf-dist/tex/generic/oberdiek/kvdefinekeys.sty
Package: kvdefinekeys 2016/05/16 v1.4 Define keys (HO)
))
(/usr/local/texlive/2018/texmf-dist/tex/latex/oberdiek/kvoptions.sty
Package: kvoptions 2016/05/16 v3.12 Key value format for package options (HO)

(/usr/local/texlive/2018/texmf-dist/tex/generic/oberdiek/kvsetkeys.sty
Package: kvsetkeys 2016/05/16 v1.17 Key value parser (HO)

(/usr/local/texlive/2018/texmf-dist/tex/generic/oberdiek/etexcmds.sty
Package: etexcmds 2016/05/16 v1.6 Avoid name clashes with e-TeX commands (HO)
Package etexcmds Info: Could not find \expanded.
(etexcmds)             That can mean that you are not using pdfTeX 1.50 or
(etexcmds)             that some package has redefined \expanded.
(etexcmds)             In the latter case, load this package earlier.
)))
Package epstopdf-base Info: Redefining graphics rule for `.eps' on input line 4
38.
Package grfext Info: Graphics extension search list:
(grfext)             [.pdf,.png,.jpg,.mps,.jpeg,.jbig2,.jb2,.PDF,.PNG,.JPG,.JPE
G,.JBIG2,.JB2,.eps]
(grfext)             \AppendGraphicsExtensions on input line 456.

(/usr/local/texlive/2018/texmf-dist/tex/latex/latexconfig/epstopdf-sys.cfg
File: epstopdf-sys.cfg 2010/07/13 v1.3 Configuration of (r)epstopdf for TeX Liv
e
))
\openout2 = `frontmatter.aux'.


(./frontmatter.tex
LaTeX Font Info:    Font shape `OT1/ptm/bx/n' in size <24.88> not available
(Font)              Font shape `OT1/ptm/b/n' tried instead on input line 11.
 (./charts/M41.tex
===== Image 'tikzexternal-correct/main-correct-figure0' is up-to-date. ======
) (./charts/M82.tex
===== Image 'tikzexternal-correct/main-correct-figure1' is up-to-date. ======
) [1



{/usr/local/texlive/2018/texmf-var/fonts/map/pdftex/updmap/pdftex.map} <./tikze
xternal-correct/main-correct-figure0.pdf> <./tikzexternal-correct/main-correct-
figure1.pdf>] [2

]
LaTeX Font Info:    Font shape `OT1/ptm/bx/n' in size <20.74> not available
(Font)              Font shape `OT1/ptm/b/n' tried instead on input line 42.
 [1]
LaTeX Font Info:    Try loading font information for OMS+ptm on input line 58.

(/usr/local/texlive/2018/texmf-dist/tex/latex/psnfss/omsptm.fd
File: omsptm.fd 
)
LaTeX Font Info:    Font shape `OMS/ptm/m/n' in size <9> not available
(Font)              Font shape `OMS/cmsy/m/n' tried instead on input line 58.
 [2

]
LaTeX Font Info:    Font shape `OT1/ptm/bx/n' in size <14.4> not available
(Font)              Font shape `OT1/ptm/b/n' tried instead on input line 87.
LaTeX Font Info:    Font shape `OT1/ptm/bx/n' in size <17.28> not available
(Font)              Font shape `OT1/ptm/b/n' tried instead on input line 87.

(./main-correct.toc
LaTeX Font Info:    Font shape `OT1/ptm/bx/n' in size <10> not available
(Font)              Font shape `OT1/ptm/b/n' tried instead on input line 1.
)
\tf@toc=\write4
\openout4 = `main-correct.toc'.

) [3


]
\openout2 = `preface.aux'.

 (./preface.tex [4



]) [5] [6


]
\openout2 = `M.aux'.

 (./M.tex
Chapter 1.
[1


]
LaTeX Font Info:    Try loading font information for OT1+ztmcm on input line 18
.
 (/usr/local/texlive/2018/texmf-dist/tex/latex/psnfss/ot1ztmcm.fd
File: ot1ztmcm.fd 2000/01/03 Fontinst v1.801 font definitions for OT1/ztmcm.
)
LaTeX Font Info:    Try loading font information for OML+ztmcm on input line 18
.

(/usr/local/texlive/2018/texmf-dist/tex/latex/psnfss/omlztmcm.fd
File: omlztmcm.fd 2000/01/03 Fontinst v1.801 font definitions for OML/ztmcm.
)
LaTeX Font Info:    Try loading font information for OMS+ztmcm on input line 18
.

(/usr/local/texlive/2018/texmf-dist/tex/latex/psnfss/omsztmcm.fd
File: omsztmcm.fd 2000/01/03 Fontinst v1.801 font definitions for OMS/ztmcm.
)
LaTeX Font Info:    Try loading font information for OMX+ztmcm on input line 18
.

(/usr/local/texlive/2018/texmf-dist/tex/latex/psnfss/omxztmcm.fd
File: omxztmcm.fd 2000/01/03 Fontinst v1.801 font definitions for OMX/ztmcm.
)
LaTeX Font Info:    Font shape `OT1/ptm/bx/n' in size <9> not available
(Font)              Font shape `OT1/ptm/b/n' tried instead on input line 18.
LaTeX Font Info:    Font shape `OT1/ptm/bx/n' in size <7> not available
(Font)              Font shape `OT1/ptm/b/n' tried instead on input line 18.
LaTeX Font Info:    Font shape `OT1/ptm/bx/n' in size <5> not available
(Font)              Font shape `OT1/ptm/b/n' tried instead on input line 18.
 [2] [3]
[4] (./charts/M1.tex
===== Image 'tikzexternal-correct/main-correct-figure2' is up-to-date. ======
) (./charts/M2.tex
===== Image 'tikzexternal-correct/main-correct-figure3' is up-to-date. ======
) (./charts/M3.tex
===== Image 'tikzexternal-correct/main-correct-figure4' is up-to-date. ======
) (./charts/M4.tex
===== Image 'tikzexternal-correct/main-correct-figure5' is up-to-date. ======
) (./charts/M5.tex
===== Image 'tikzexternal-correct/main-correct-figure6' is up-to-date. ======
) (./charts/M6.tex
===== Image 'tikzexternal-correct/main-correct-figure7' is up-to-date. ======
) (./charts/M7.tex
===== Image 'tikzexternal-correct/main-correct-figure8' is up-to-date. ======
) [5



 <./tikzexternal-correct/main-correct-figure2.pdf> <./tikzexternal-correct/main
-correct-figure3.pdf> <./tikzexternal-correct/main-correct-figure4.pdf> <./tikz
external-correct/main-correct-figure5.pdf> <./tikzexternal-correct/main-correct
-figure6.pdf> <./tikzexternal-correct/main-correct-figure7.pdf>]
(./charts/M8.tex
===== Image 'tikzexternal-correct/main-correct-figure9' is up-to-date. ======
) (./charts/M9.tex
===== Image 'tikzexternal-correct/main-correct-figure10' is up-to-date. ======
) (./charts/M10.tex
===== Image 'tikzexternal-correct/main-correct-figure11' is up-to-date. ======
) (./charts/M11.tex
===== Image 'tikzexternal-correct/main-correct-figure12' is up-to-date. ======
) (./charts/M12.tex
===== Image 'tikzexternal-correct/main-correct-figure13' is up-to-date. ======
) (./charts/M13.tex
===== Image 'tikzexternal-correct/main-correct-figure14' is up-to-date. ======
) [6 <./tikzexternal-correct/main-correct-figure8.pdf> <./tikzexternal-correct/
main-correct-figure9.pdf> <./tikzexternal-correct/main-correct-figure10.pdf> <.
/tikzexternal-correct/main-correct-figure11.pdf> <./tikzexternal-correct/main-c
orrect-figure12.pdf> <./tikzexternal-correct/main-correct-figure13.pdf>]
(./charts/M14.tex
===== Image 'tikzexternal-correct/main-correct-figure15' is up-to-date. ======
) (./charts/M15.tex
===== Image 'tikzexternal-correct/main-correct-figure16' is up-to-date. ======
) (./charts/M16.tex
===== Image 'tikzexternal-correct/main-correct-figure17' is up-to-date. ======
) (./charts/M17.tex
===== Image 'tikzexternal-correct/main-correct-figure18' is up-to-date. ======
) (./charts/M18.tex
===== Image 'tikzexternal-correct/main-correct-figure19' is up-to-date. ======
) (./charts/M19.tex
===== Image 'tikzexternal-correct/main-correct-figure20' is up-to-date. ======
) [7 <./tikzexternal-correct/main-correct-figure14.pdf> <./tikzexternal-correct
/main-correct-figure15.pdf> <./tikzexternal-correct/main-correct-figure16.pdf> 
<./tikzexternal-correct/main-correct-figure17.pdf> <./tikzexternal-correct/main
-correct-figure18.pdf> <./tikzexternal-correct/main-correct-figure19.pdf>]
(./charts/M20.tex
===== Image 'tikzexternal-correct/main-correct-figure21' is up-to-date. ======
) (./charts/M21.tex
===== Image 'tikzexternal-correct/main-correct-figure22' is up-to-date. ======
) (./charts/M22.tex
===== Image 'tikzexternal-correct/main-correct-figure23' is up-to-date. ======
) (./charts/M23.tex
===== Image 'tikzexternal-correct/main-correct-figure24' is up-to-date. ======
) (./charts/M24.tex
===== Image 'tikzexternal-correct/main-correct-figure25' is up-to-date. ======
) (./charts/M25.tex
===== Image 'tikzexternal-correct/main-correct-figure26' is up-to-date. ======
) [8 <./tikzexternal-correct/main-correct-figure20.pdf> <./tikzexternal-correct
/main-correct-figure21.pdf> <./tikzexternal-correct/main-correct-figure22.pdf> 
<./tikzexternal-correct/main-correct-figure23.pdf> <./tikzexternal-correct/main
-correct-figure24.pdf> <./tikzexternal-correct/main-correct-figure25.pdf>]
(./charts/M26.tex
===== Image 'tikzexternal-correct/main-correct-figure27' is up-to-date. ======
) (./charts/M27.tex
===== Image 'tikzexternal-correct/main-correct-figure28' is up-to-date. ======
) (./charts/M28.tex
===== Image 'tikzexternal-correct/main-correct-figure29' is up-to-date. ======
) (./charts/M29.tex
===== Image 'tikzexternal-correct/main-correct-figure30' is up-to-date. ======
) (./charts/M30.tex
===== Image 'tikzexternal-correct/main-correct-figure31' is up-to-date. ======
) (./charts/M31.tex
===== Image 'tikzexternal-correct/main-correct-figure32' is up-to-date. ======
) [9 <./tikzexternal-correct/main-correct-figure26.pdf> <./tikzexternal-correct
/main-correct-figure27.pdf> <./tikzexternal-correct/main-correct-figure28.pdf> 
<./tikzexternal-correct/main-correct-figure29.pdf> <./tikzexternal-correct/main
-correct-figure30.pdf> <./tikzexternal-correct/main-correct-figure31.pdf>]
(./charts/M32.tex
===== Image 'tikzexternal-correct/main-correct-figure33' is up-to-date. ======
) (./charts/M33.tex
===== Image 'tikzexternal-correct/main-correct-figure34' is up-to-date. ======
) (./charts/M34.tex
===== Image 'tikzexternal-correct/main-correct-figure35' is up-to-date. ======
) (./charts/M35.tex
===== Image 'tikzexternal-correct/main-correct-figure36' is up-to-date. ======
) (./charts/M36.tex
===== Image 'tikzexternal-correct/main-correct-figure37' is up-to-date. ======
) (./charts/M37.tex
===== Image 'tikzexternal-correct/main-correct-figure38' is up-to-date. ======
) [10 <./tikzexternal-correct/main-correct-figure32.pdf> <./tikzexternal-correc
t/main-correct-figure33.pdf> <./tikzexternal-correct/main-correct-figure34.pdf>
 <./tikzexternal-correct/main-correct-figure35.pdf> <./tikzexternal-correct/mai
n-correct-figure36.pdf> <./tikzexternal-correct/main-correct-figure37.pdf>]
(./charts/M38.tex
===== Image 'tikzexternal-correct/main-correct-figure39' is up-to-date. ======
) (./charts/M39.tex
===== Image 'tikzexternal-correct/main-correct-figure40' is up-to-date. ======
) (./charts/M40.tex
===== Image 'tikzexternal-correct/main-correct-figure41' is up-to-date. ======
) (./charts/M41.tex
===== Image 'tikzexternal-correct/main-correct-figure42' is up-to-date. ======
) (./charts/M42.tex
===== Image 'tikzexternal-correct/main-correct-figure43' is up-to-date. ======
) (./charts/M43.tex
===== Image 'tikzexternal-correct/main-correct-figure44' is up-to-date. ======
) [11 <./tikzexternal-correct/main-correct-figure38.pdf> <./tikzexternal-correc
t/main-correct-figure39.pdf> <./tikzexternal-correct/main-correct-figure40.pdf>
 <./tikzexternal-correct/main-correct-figure41.pdf> <./tikzexternal-correct/mai
n-correct-figure42.pdf> <./tikzexternal-correct/main-correct-figure43.pdf>]
(./charts/M44.tex
===== Image 'tikzexternal-correct/main-correct-figure45' is up-to-date. ======
) (./charts/M45.tex
===== Image 'tikzexternal-correct/main-correct-figure46' is up-to-date. ======
) (./charts/M46.tex
===== Image 'tikzexternal-correct/main-correct-figure47' is up-to-date. ======
) (./charts/M47.tex
===== Image 'tikzexternal-correct/main-correct-figure48' is up-to-date. ======
) (./charts/M48.tex
===== Image 'tikzexternal-correct/main-correct-figure49' is up-to-date. ======
) (./charts/M49.tex
===== Image 'tikzexternal-correct/main-correct-figure50' is up-to-date. ======
) [12 <./tikzexternal-correct/main-correct-figure44.pdf> <./tikzexternal-correc
t/main-correct-figure45.pdf> <./tikzexternal-correct/main-correct-figure46.pdf>
 <./tikzexternal-correct/main-correct-figure47.pdf> <./tikzexternal-correct/mai
n-correct-figure48.pdf> <./tikzexternal-correct/main-correct-figure49.pdf>]
(./charts/M50.tex
===== Image 'tikzexternal-correct/main-correct-figure51' is up-to-date. ======
) (./charts/M51.tex
===== Image 'tikzexternal-correct/main-correct-figure52' is up-to-date. ======
) (./charts/M52.tex
===== Image 'tikzexternal-correct/main-correct-figure53' is up-to-date. ======
) (./charts/M53.tex
===== Image 'tikzexternal-correct/main-correct-figure54' is up-to-date. ======
) (./charts/M54.tex
===== Image 'tikzexternal-correct/main-correct-figure55' is up-to-date. ======
) (./charts/M55.tex
===== Image 'tikzexternal-correct/main-correct-figure56' is up-to-date. ======
) [13 <./tikzexternal-correct/main-correct-figure50.pdf> <./tikzexternal-correc
t/main-correct-figure51.pdf> <./tikzexternal-correct/main-correct-figure52.pdf>
 <./tikzexternal-correct/main-correct-figure53.pdf> <./tikzexternal-correct/mai
n-correct-figure54.pdf> <./tikzexternal-correct/main-correct-figure55.pdf>]
(./charts/M56.tex
===== Image 'tikzexternal-correct/main-correct-figure57' is up-to-date. ======
) (./charts/M57.tex
===== Image 'tikzexternal-correct/main-correct-figure58' is up-to-date. ======
) (./charts/M58.tex
===== Image 'tikzexternal-correct/main-correct-figure59' is up-to-date. ======
) (./charts/M59.tex
===== Image 'tikzexternal-correct/main-correct-figure60' is up-to-date. ======
) (./charts/M60.tex
===== Image 'tikzexternal-correct/main-correct-figure61' is up-to-date. ======
) (./charts/M61.tex
===== Image 'tikzexternal-correct/main-correct-figure62' is up-to-date. ======
) [14 <./tikzexternal-correct/main-correct-figure56.pdf> <./tikzexternal-correc
t/main-correct-figure57.pdf> <./tikzexternal-correct/main-correct-figure58.pdf>
 <./tikzexternal-correct/main-correct-figure59.pdf> <./tikzexternal-correct/mai
n-correct-figure60.pdf> <./tikzexternal-correct/main-correct-figure61.pdf>]
(./charts/M62.tex
===== Image 'tikzexternal-correct/main-correct-figure63' is up-to-date. ======
) (./charts/M63.tex
===== Image 'tikzexternal-correct/main-correct-figure64' is up-to-date. ======
) (./charts/M64.tex
===== Image 'tikzexternal-correct/main-correct-figure65' is up-to-date. ======
) (./charts/M65.tex
===== Image 'tikzexternal-correct/main-correct-figure66' is up-to-date. ======
) (./charts/M66.tex
===== Image 'tikzexternal-correct/main-correct-figure67' is up-to-date. ======
) (./charts/M67.tex
===== Image 'tikzexternal-correct/main-correct-figure68' is up-to-date. ======
) [15 <./tikzexternal-correct/main-correct-figure62.pdf> <./tikzexternal-correc
t/main-correct-figure63.pdf> <./tikzexternal-correct/main-correct-figure64.pdf>
 <./tikzexternal-correct/main-correct-figure65.pdf> <./tikzexternal-correct/mai
n-correct-figure66.pdf> <./tikzexternal-correct/main-correct-figure67.pdf>]
(./charts/M68.tex
===== Image 'tikzexternal-correct/main-correct-figure69' is up-to-date. ======
) (./charts/M69.tex
===== Image 'tikzexternal-correct/main-correct-figure70' is up-to-date. ======
) (./charts/M70.tex
===== Image 'tikzexternal-correct/main-correct-figure71' is up-to-date. ======
) (./charts/M71.tex
===== Image 'tikzexternal-correct/main-correct-figure72' is up-to-date. ======
) (./charts/M72.tex
===== Image 'tikzexternal-correct/main-correct-figure73' is up-to-date. ======
) (./charts/M73.tex
===== Image 'tikzexternal-correct/main-correct-figure74' is up-to-date. ======
) [16 <./tikzexternal-correct/main-correct-figure68.pdf> <./tikzexternal-correc
t/main-correct-figure69.pdf> <./tikzexternal-correct/main-correct-figure70.pdf>
 <./tikzexternal-correct/main-correct-figure71.pdf> <./tikzexternal-correct/mai
n-correct-figure72.pdf> <./tikzexternal-correct/main-correct-figure73.pdf>]
(./charts/M74.tex
===== Image 'tikzexternal-correct/main-correct-figure75' is up-to-date. ======
) (./charts/M75.tex
===== Image 'tikzexternal-correct/main-correct-figure76' is up-to-date. ======
) (./charts/M76.tex
===== Image 'tikzexternal-correct/main-correct-figure77' is up-to-date. ======
) (./charts/M77.tex
===== Image 'tikzexternal-correct/main-correct-figure78' is up-to-date. ======
) (./charts/M78.tex
===== Image 'tikzexternal-correct/main-correct-figure79' is up-to-date. ======
) (./charts/M79.tex
===== Image 'tikzexternal-correct/main-correct-figure80' is up-to-date. ======
) [17 <./tikzexternal-correct/main-correct-figure74.pdf> <./tikzexternal-correc
t/main-correct-figure75.pdf> <./tikzexternal-correct/main-correct-figure76.pdf>
 <./tikzexternal-correct/main-correct-figure77.pdf> <./tikzexternal-correct/mai
n-correct-figure78.pdf> <./tikzexternal-correct/main-correct-figure79.pdf>]
(./charts/M80.tex
===== Image 'tikzexternal-correct/main-correct-figure81' is up-to-date. ======
) (./charts/M81.tex
===== Image 'tikzexternal-correct/main-correct-figure82' is up-to-date. ======
) (./charts/M82.tex
===== Image 'tikzexternal-correct/main-correct-figure83' is up-to-date. ======
) (./charts/M83.tex
===== Image 'tikzexternal-correct/main-correct-figure84' is up-to-date. ======
) (./charts/M84.tex
===== Image 'tikzexternal-correct/main-correct-figure85' is up-to-date. ======
) (./charts/M85.tex
===== Image 'tikzexternal-correct/main-correct-figure86' is up-to-date. ======
) [18 <./tikzexternal-correct/main-correct-figure80.pdf> <./tikzexternal-correc
t/main-correct-figure81.pdf> <./tikzexternal-correct/main-correct-figure82.pdf>
 <./tikzexternal-correct/main-correct-figure83.pdf> <./tikzexternal-correct/mai
n-correct-figure84.pdf> <./tikzexternal-correct/main-correct-figure85.pdf>]
(./charts/M86.tex
===== Image 'tikzexternal-correct/main-correct-figure87' is up-to-date. ======
) (./charts/M87.tex
===== Image 'tikzexternal-correct/main-correct-figure88' is up-to-date. ======
) (./charts/M88.tex
===== Image 'tikzexternal-correct/main-correct-figure89' is up-to-date. ======
) (./charts/M89.tex
===== Image 'tikzexternal-correct/main-correct-figure90' is up-to-date. ======
) (./charts/M90.tex
===== Image 'tikzexternal-correct/main-correct-figure91' is up-to-date. ======
) (./charts/M91.tex
===== Image 'tikzexternal-correct/main-correct-figure92' is up-to-date. ======
) [19 <./tikzexternal-correct/main-correct-figure86.pdf> <./tikzexternal-correc
t/main-correct-figure87.pdf> <./tikzexternal-correct/main-correct-figure88.pdf>
 <./tikzexternal-correct/main-correct-figure89.pdf> <./tikzexternal-correct/mai
n-correct-figure90.pdf> <./tikzexternal-correct/main-correct-figure91.pdf>]
(./charts/M92.tex
===== Image 'tikzexternal-correct/main-correct-figure93' is up-to-date. ======
) (./charts/M93.tex
===== Image 'tikzexternal-correct/main-correct-figure94' is up-to-date. ======
) (./charts/M94.tex
===== Image 'tikzexternal-correct/main-correct-figure95' is up-to-date. ======
) (./charts/M95.tex
===== Image 'tikzexternal-correct/main-correct-figure96' is up-to-date. ======
) (./charts/M96.tex
===== Image 'tikzexternal-correct/main-correct-figure97' is up-to-date. ======
) (./charts/M97.tex
===== Image 'tikzexternal-correct/main-correct-figure98' is up-to-date. ======
) [20 <./tikzexternal-correct/main-correct-figure92.pdf> <./tikzexternal-correc
t/main-correct-figure93.pdf> <./tikzexternal-correct/main-correct-figure94.pdf>
 <./tikzexternal-correct/main-correct-figure95.pdf> <./tikzexternal-correct/mai
n-correct-figure96.pdf> <./tikzexternal-correct/main-correct-figure97.pdf>]
(./charts/M98.tex
===== Image 'tikzexternal-correct/main-correct-figure99' is up-to-date. ======
) (./charts/M99.tex
===== Image 'tikzexternal-correct/main-correct-figure100' is up-to-date. ======

) (./charts/M100.tex
===== Image 'tikzexternal-correct/main-correct-figure101' is up-to-date. ======

) (./charts/M101.tex
===== Image 'tikzexternal-correct/main-correct-figure102' is up-to-date. ======

) (./charts/M102.tex
===== Image 'tikzexternal-correct/main-correct-figure103' is up-to-date. ======

) (./charts/M103.tex
===== Image 'tikzexternal-correct/main-correct-figure104' is up-to-date. ======

) [21 <./tikzexternal-correct/main-correct-figure98.pdf> <./tikzexternal-correc
t/main-correct-figure99.pdf> <./tikzexternal-correct/main-correct-figure100.pdf
> <./tikzexternal-correct/main-correct-figure101.pdf> <./tikzexternal-correct/m
ain-correct-figure102.pdf> <./tikzexternal-correct/main-correct-figure103.pdf>]
(./charts/M104.tex
===== Image 'tikzexternal-correct/main-correct-figure105' is up-to-date. ======

) (./charts/M105.tex
===== Image 'tikzexternal-correct/main-correct-figure106' is up-to-date. ======

) (./charts/M106.tex
===== Image 'tikzexternal-correct/main-correct-figure107' is up-to-date. ======

) (./charts/M107.tex
===== Image 'tikzexternal-correct/main-correct-figure108' is up-to-date. ======

) (./charts/M108.tex
===== Image 'tikzexternal-correct/main-correct-figure109' is up-to-date. ======

) (./charts/M109.tex
===== Image 'tikzexternal-correct/main-correct-figure110' is up-to-date. ======

) [22 <./tikzexternal-correct/main-correct-figure104.pdf> <./tikzexternal-corre
ct/main-correct-figure105.pdf> <./tikzexternal-correct/main-correct-figure106.p
df> <./tikzexternal-correct/main-correct-figure107.pdf> <./tikzexternal-correct
/main-correct-figure108.pdf> <./tikzexternal-correct/main-correct-figure109.pdf
>] (./charts/M110.tex
===== Image 'tikzexternal-correct/main-correct-figure111' is up-to-date. ======

) [23

 <./tikzexternal-correct/main-correct-figure110.pdf> <./tikzexternal-correct/ma
in-correct-figure111.pdf>])
\openout2 = `C.aux'.

 (./C.tex [24




]
Chapter 2.
[25] [26] [27] [28] (./charts/C1.tex
===== Image 'tikzexternal-correct/main-correct-figure112' is up-to-date. ======

) (./charts/C2.tex
===== Image 'tikzexternal-correct/main-correct-figure113' is up-to-date. ======

) (./charts/C3.tex
===== Image 'tikzexternal-correct/main-correct-figure114' is up-to-date. ======

) (./charts/C4.tex
===== Image 'tikzexternal-correct/main-correct-figure115' is up-to-date. ======

) (./charts/C5.tex
===== Image 'tikzexternal-correct/main-correct-figure116' is up-to-date. ======

) (./charts/C6.tex
===== Image 'tikzexternal-correct/main-correct-figure117' is up-to-date. ======

) (./charts/C7.tex
===== Image 'tikzexternal-correct/main-correct-figure118' is up-to-date. ======

) [29



 <./tikzexternal-correct/main-correct-figure112.pdf> <./tikzexternal-correct/ma
in-correct-figure113.pdf> <./tikzexternal-correct/main-correct-figure114.pdf> <
./tikzexternal-correct/main-correct-figure115.pdf> <./tikzexternal-correct/main
-correct-figure116.pdf> <./tikzexternal-correct/main-correct-figure117.pdf>] (.
/charts/C8.tex
===== Image 'tikzexternal-correct/main-correct-figure119' is up-to-date. ======

) (./charts/C9.tex
===== Image 'tikzexternal-correct/main-correct-figure120' is up-to-date. ======

) (./charts/C10.tex
===== Image 'tikzexternal-correct/main-correct-figure121' is up-to-date. ======

) (./charts/C11.tex
===== Image 'tikzexternal-correct/main-correct-figure122' is up-to-date. ======

) (./charts/C12.tex
===== Image 'tikzexternal-correct/main-correct-figure123' is up-to-date. ======

) (./charts/C13.tex
===== Image 'tikzexternal-correct/main-correct-figure124' is up-to-date. ======

) [30 <./tikzexternal-correct/main-correct-figure118.pdf> <./tikzexternal-corre
ct/main-correct-figure119.pdf> <./tikzexternal-correct/main-correct-figure120.p
df> <./tikzexternal-correct/main-correct-figure121.pdf> <./tikzexternal-correct
/main-correct-figure122.pdf> <./tikzexternal-correct/main-correct-figure123.pdf
>] (./charts/C14.tex
===== Image 'tikzexternal-correct/main-correct-figure125' is up-to-date. ======

) (./charts/C15.tex
===== Image 'tikzexternal-correct/main-correct-figure126' is up-to-date. ======

) (./charts/C16.tex
===== Image 'tikzexternal-correct/main-correct-figure127' is up-to-date. ======

) (./charts/C17.tex
===== Image 'tikzexternal-correct/main-correct-figure128' is up-to-date. ======

) (./charts/C18.tex
===== Image 'tikzexternal-correct/main-correct-figure129' is up-to-date. ======

) (./charts/C19.tex
===== Image 'tikzexternal-correct/main-correct-figure130' is up-to-date. ======

) [31 <./tikzexternal-correct/main-correct-figure124.pdf> <./tikzexternal-corre
ct/main-correct-figure125.pdf> <./tikzexternal-correct/main-correct-figure126.p
df> <./tikzexternal-correct/main-correct-figure127.pdf> <./tikzexternal-correct
/main-correct-figure128.pdf> <./tikzexternal-correct/main-correct-figure129.pdf
>] (./charts/C20.tex
===== Image 'tikzexternal-correct/main-correct-figure131' is up-to-date. ======

) (./charts/C21.tex
===== Image 'tikzexternal-correct/main-correct-figure132' is up-to-date. ======

) (./charts/C22.tex
===== Image 'tikzexternal-correct/main-correct-figure133' is up-to-date. ======

) (./charts/C23.tex
===== Image 'tikzexternal-correct/main-correct-figure134' is up-to-date. ======

) (./charts/C24.tex
===== Image 'tikzexternal-correct/main-correct-figure135' is up-to-date. ======

) (./charts/C25.tex
===== Image 'tikzexternal-correct/main-correct-figure136' is up-to-date. ======

) [32 <./tikzexternal-correct/main-correct-figure130.pdf> <./tikzexternal-corre
ct/main-correct-figure131.pdf> <./tikzexternal-correct/main-correct-figure132.p
df> <./tikzexternal-correct/main-correct-figure133.pdf> <./tikzexternal-correct
/main-correct-figure134.pdf> <./tikzexternal-correct/main-correct-figure135.pdf
>] (./charts/C26.tex
===== Image 'tikzexternal-correct/main-correct-figure137' is up-to-date. ======

) (./charts/C27.tex
===== Image 'tikzexternal-correct/main-correct-figure138' is up-to-date. ======

) (./charts/C28.tex
===== Image 'tikzexternal-correct/main-correct-figure139' is up-to-date. ======

) (./charts/C29.tex
===== Image 'tikzexternal-correct/main-correct-figure140' is up-to-date. ======

) (./charts/C30.tex
===== Image 'tikzexternal-correct/main-correct-figure141' is up-to-date. ======

) (./charts/C31.tex
===== Image 'tikzexternal-correct/main-correct-figure142' is up-to-date. ======

) [33 <./tikzexternal-correct/main-correct-figure136.pdf> <./tikzexternal-corre
ct/main-correct-figure137.pdf> <./tikzexternal-correct/main-correct-figure138.p
df> <./tikzexternal-correct/main-correct-figure139.pdf> <./tikzexternal-correct
/main-correct-figure140.pdf> <./tikzexternal-correct/main-correct-figure141.pdf
>] (./charts/C32.tex
===== Image 'tikzexternal-correct/main-correct-figure143' is up-to-date. ======

) (./charts/C33.tex
===== Image 'tikzexternal-correct/main-correct-figure144' is up-to-date. ======

) (./charts/C34.tex
===== Image 'tikzexternal-correct/main-correct-figure145' is up-to-date. ======

) (./charts/C35.tex
===== Image 'tikzexternal-correct/main-correct-figure146' is up-to-date. ======

) (./charts/C36.tex
===== Image 'tikzexternal-correct/main-correct-figure147' is up-to-date. ======

) (./charts/C37.tex
===== Image 'tikzexternal-correct/main-correct-figure148' is up-to-date. ======

) [34 <./tikzexternal-correct/main-correct-figure142.pdf> <./tikzexternal-corre
ct/main-correct-figure143.pdf> <./tikzexternal-correct/main-correct-figure144.p
df> <./tikzexternal-correct/main-correct-figure145.pdf> <./tikzexternal-correct
/main-correct-figure146.pdf> <./tikzexternal-correct/main-correct-figure147.pdf
>] (./charts/C38.tex
===== Image 'tikzexternal-correct/main-correct-figure149' is up-to-date. ======

) (./charts/C39.tex
===== Image 'tikzexternal-correct/main-correct-figure150' is up-to-date. ======

) (./charts/C40.tex
===== Image 'tikzexternal-correct/main-correct-figure151' is up-to-date. ======

) (./charts/C41.tex
===== Image 'tikzexternal-correct/main-correct-figure152' is up-to-date. ======

) (./charts/C42.tex
===== Image 'tikzexternal-correct/main-correct-figure153' is up-to-date. ======

) (./charts/C43.tex
===== Image 'tikzexternal-correct/main-correct-figure154' is up-to-date. ======

) [35 <./tikzexternal-correct/main-correct-figure148.pdf> <./tikzexternal-corre
ct/main-correct-figure149.pdf> <./tikzexternal-correct/main-correct-figure150.p
df> <./tikzexternal-correct/main-correct-figure151.pdf> <./tikzexternal-correct
/main-correct-figure152.pdf> <./tikzexternal-correct/main-correct-figure153.pdf
>] (./charts/C44.tex
===== Image 'tikzexternal-correct/main-correct-figure155' is up-to-date. ======

) (./charts/C45.tex
===== Image 'tikzexternal-correct/main-correct-figure156' is up-to-date. ======

) (./charts/C46.tex
===== Image 'tikzexternal-correct/main-correct-figure157' is up-to-date. ======

) (./charts/C47.tex
===== Image 'tikzexternal-correct/main-correct-figure158' is up-to-date. ======

) (./charts/C48.tex
===== Image 'tikzexternal-correct/main-correct-figure159' is up-to-date. ======

) (./charts/C49.tex
===== Image 'tikzexternal-correct/main-correct-figure160' is up-to-date. ======

) [36 <./tikzexternal-correct/main-correct-figure154.pdf> <./tikzexternal-corre
ct/main-correct-figure155.pdf> <./tikzexternal-correct/main-correct-figure156.p
df> <./tikzexternal-correct/main-correct-figure157.pdf> <./tikzexternal-correct
/main-correct-figure158.pdf> <./tikzexternal-correct/main-correct-figure159.pdf
>] (./charts/C50.tex
===== Image 'tikzexternal-correct/main-correct-figure161' is up-to-date. ======

) (./charts/C51.tex
===== Image 'tikzexternal-correct/main-correct-figure162' is up-to-date. ======

) (./charts/C52.tex
===== Image 'tikzexternal-correct/main-correct-figure163' is up-to-date. ======

) (./charts/C53.tex
===== Image 'tikzexternal-correct/main-correct-figure164' is up-to-date. ======

) (./charts/C54.tex
===== Image 'tikzexternal-correct/main-correct-figure165' is up-to-date. ======

) (./charts/C55.tex
===== Image 'tikzexternal-correct/main-correct-figure166' is up-to-date. ======

) [37 <./tikzexternal-correct/main-correct-figure160.pdf> <./tikzexternal-corre
ct/main-correct-figure161.pdf> <./tikzexternal-correct/main-correct-figure162.p
df> <./tikzexternal-correct/main-correct-figure163.pdf> <./tikzexternal-correct
/main-correct-figure164.pdf> <./tikzexternal-correct/main-correct-figure165.pdf
>] (./charts/C56.tex
===== Image 'tikzexternal-correct/main-correct-figure167' is up-to-date. ======

) (./charts/C57.tex
===== Image 'tikzexternal-correct/main-correct-figure168' is up-to-date. ======

) (./charts/C58.tex
===== Image 'tikzexternal-correct/main-correct-figure169' is up-to-date. ======

) (./charts/C59.tex
===== Image 'tikzexternal-correct/main-correct-figure170' is up-to-date. ======

) (./charts/C60.tex
===== Image 'tikzexternal-correct/main-correct-figure171' is up-to-date. ======

) (./charts/C61.tex
===== Image 'tikzexternal-correct/main-correct-figure172' is up-to-date. ======

) [38 <./tikzexternal-correct/main-correct-figure166.pdf> <./tikzexternal-corre
ct/main-correct-figure167.pdf> <./tikzexternal-correct/main-correct-figure168.p
df> <./tikzexternal-correct/main-correct-figure169.pdf> <./tikzexternal-correct
/main-correct-figure170.pdf> <./tikzexternal-correct/main-correct-figure171.pdf
>] (./charts/C62.tex
===== Image 'tikzexternal-correct/main-correct-figure173' is up-to-date. ======

) (./charts/C63.tex
===== Image 'tikzexternal-correct/main-correct-figure174' is up-to-date. ======

) (./charts/C64.tex
===== Image 'tikzexternal-correct/main-correct-figure175' is up-to-date. ======

) (./charts/C65.tex
===== Image 'tikzexternal-correct/main-correct-figure176' is up-to-date. ======

) (./charts/C66.tex
===== Image 'tikzexternal-correct/main-correct-figure177' is up-to-date. ======

) (./charts/C67.tex
===== Image 'tikzexternal-correct/main-correct-figure178' is up-to-date. ======

) [39 <./tikzexternal-correct/main-correct-figure172.pdf> <./tikzexternal-corre
ct/main-correct-figure173.pdf> <./tikzexternal-correct/main-correct-figure174.p
df> <./tikzexternal-correct/main-correct-figure175.pdf> <./tikzexternal-correct
/main-correct-figure176.pdf> <./tikzexternal-correct/main-correct-figure177.pdf
>] (./charts/C68.tex
===== Image 'tikzexternal-correct/main-correct-figure179' is up-to-date. ======

) (./charts/C69.tex
===== Image 'tikzexternal-correct/main-correct-figure180' is up-to-date. ======

) (./charts/C70.tex
===== Image 'tikzexternal-correct/main-correct-figure181' is up-to-date. ======

) (./charts/C71.tex
===== Image 'tikzexternal-correct/main-correct-figure182' is up-to-date. ======

) (./charts/C72.tex
===== Image 'tikzexternal-correct/main-correct-figure183' is up-to-date. ======

) (./charts/C73.tex
===== Image 'tikzexternal-correct/main-correct-figure184' is up-to-date. ======

) [40 <./tikzexternal-correct/main-correct-figure178.pdf> <./tikzexternal-corre
ct/main-correct-figure179.pdf> <./tikzexternal-correct/main-correct-figure180.p
df> <./tikzexternal-correct/main-correct-figure181.pdf> <./tikzexternal-correct
/main-correct-figure182.pdf> <./tikzexternal-correct/main-correct-figure183.pdf
>] (./charts/C74.tex
===== Image 'tikzexternal-correct/main-correct-figure185' is up-to-date. ======

) (./charts/C75.tex
===== Image 'tikzexternal-correct/main-correct-figure186' is up-to-date. ======

) (./charts/C76.tex
===== Image 'tikzexternal-correct/main-correct-figure187' is up-to-date. ======

) (./charts/C77.tex
===== Image 'tikzexternal-correct/main-correct-figure188' is up-to-date. ======

) (./charts/C78.tex
===== Image 'tikzexternal-correct/main-correct-figure189' is up-to-date. ======

) (./charts/C79.tex
===== Image 'tikzexternal-correct/main-correct-figure190' is up-to-date. ======

) [41 <./tikzexternal-correct/main-correct-figure184.pdf> <./tikzexternal-corre
ct/main-correct-figure185.pdf> <./tikzexternal-correct/main-correct-figure186.p
df> <./tikzexternal-correct/main-correct-figure187.pdf> <./tikzexternal-correct
/main-correct-figure188.pdf> <./tikzexternal-correct/main-correct-figure189.pdf
>] (./charts/C80.tex
===== Image 'tikzexternal-correct/main-correct-figure191' is up-to-date. ======

) (./charts/C81.tex
===== Image 'tikzexternal-correct/main-correct-figure192' is up-to-date. ======

) (./charts/C82.tex
===== Image 'tikzexternal-correct/main-correct-figure193' is up-to-date. ======

) (./charts/C83.tex
===== Image 'tikzexternal-correct/main-correct-figure194' is up-to-date. ======

) (./charts/C84.tex
===== Image 'tikzexternal-correct/main-correct-figure195' is up-to-date. ======

) (./charts/C85.tex
===== Image 'tikzexternal-correct/main-correct-figure196' is up-to-date. ======

) [42 <./tikzexternal-correct/main-correct-figure190.pdf> <./tikzexternal-corre
ct/main-correct-figure191.pdf> <./tikzexternal-correct/main-correct-figure192.p
df> <./tikzexternal-correct/main-correct-figure193.pdf> <./tikzexternal-correct
/main-correct-figure194.pdf> <./tikzexternal-correct/main-correct-figure195.pdf
>] (./charts/C86.tex
===== Image 'tikzexternal-correct/main-correct-figure197' is up-to-date. ======

) (./charts/C87.tex
===== Image 'tikzexternal-correct/main-correct-figure198' is up-to-date. ======

) (./charts/C88.tex
===== Image 'tikzexternal-correct/main-correct-figure199' is up-to-date. ======

) (./charts/C89.tex
===== Image 'tikzexternal-correct/main-correct-figure200' is up-to-date. ======

) (./charts/C90.tex
===== Image 'tikzexternal-correct/main-correct-figure201' is up-to-date. ======

) (./charts/C91.tex
===== Image 'tikzexternal-correct/main-correct-figure202' is up-to-date. ======

) [43 <./tikzexternal-correct/main-correct-figure196.pdf> <./tikzexternal-corre
ct/main-correct-figure197.pdf> <./tikzexternal-correct/main-correct-figure198.p
df> <./tikzexternal-correct/main-correct-figure199.pdf> <./tikzexternal-correct
/main-correct-figure200.pdf> <./tikzexternal-correct/main-correct-figure201.pdf
>] (./charts/C92.tex
===== Image 'tikzexternal-correct/main-correct-figure203' is up-to-date. ======

) (./charts/C93.tex
===== Image 'tikzexternal-correct/main-correct-figure204' is up-to-date. ======

) (./charts/C94.tex
===== Image 'tikzexternal-correct/main-correct-figure205' is up-to-date. ======

) (./charts/C95.tex
===== Image 'tikzexternal-correct/main-correct-figure206' is up-to-date. ======

) (./charts/C96.tex
===== Image 'tikzexternal-correct/main-correct-figure207' is up-to-date. ======

) (./charts/C97.tex
===== Image 'tikzexternal-correct/main-correct-figure208' is up-to-date. ======

) [44 <./tikzexternal-correct/main-correct-figure202.pdf> <./tikzexternal-corre
ct/main-correct-figure203.pdf> <./tikzexternal-correct/main-correct-figure204.p
df> <./tikzexternal-correct/main-correct-figure205.pdf> <./tikzexternal-correct
/main-correct-figure206.pdf> <./tikzexternal-correct/main-correct-figure207.pdf
>] (./charts/C98.tex
===== Image 'tikzexternal-correct/main-correct-figure209' is up-to-date. ======

) (./charts/C99.tex
===== Image 'tikzexternal-correct/main-correct-figure210' is up-to-date. ======

) (./charts/C100.tex
===== Image 'tikzexternal-correct/main-correct-figure211' is up-to-date. ======

) (./charts/C101.tex
===== Image 'tikzexternal-correct/main-correct-figure212' is up-to-date. ======

) (./charts/C102.tex
===== Image 'tikzexternal-correct/main-correct-figure213' is up-to-date. ======

) (./charts/C103.tex
===== Image 'tikzexternal-correct/main-correct-figure214' is up-to-date. ======

) [45 <./tikzexternal-correct/main-correct-figure208.pdf> <./tikzexternal-corre
ct/main-correct-figure209.pdf> <./tikzexternal-correct/main-correct-figure210.p
df> <./tikzexternal-correct/main-correct-figure211.pdf> <./tikzexternal-correct
/main-correct-figure212.pdf> <./tikzexternal-correct/main-correct-figure213.pdf
>] (./charts/C104.tex
===== Image 'tikzexternal-correct/main-correct-figure215' is up-to-date. ======

) (./charts/C105.tex
===== Image 'tikzexternal-correct/main-correct-figure216' is up-to-date. ======

) (./charts/C106.tex
===== Image 'tikzexternal-correct/main-correct-figure217' is up-to-date. ======

) (./charts/C107.tex
===== Image 'tikzexternal-correct/main-correct-figure218' is up-to-date. ======

) (./charts/C108.tex
===== Image 'tikzexternal-correct/main-correct-figure219' is up-to-date. ======

) (./charts/C109.tex
===== Image 'tikzexternal-correct/main-correct-figure220' is up-to-date. ======

) [46 <./tikzexternal-correct/main-correct-figure214.pdf> <./tikzexternal-corre
ct/main-correct-figure215.pdf> <./tikzexternal-correct/main-correct-figure216.p
df> <./tikzexternal-correct/main-correct-figure217.pdf> <./tikzexternal-correct
/main-correct-figure218.pdf> <./tikzexternal-correct/main-correct-figure219.pdf
>] [47

 <./tikzexternal-correct/main-correct-figure220.pdf>])
\openout2 = `U.aux'.

 (./U.tex [48




]
Chapter 3.
LaTeX Font Info:    Font shape `OT1/ptm/bx/n' in size <7.4> not available
(Font)              Font shape `OT1/ptm/b/n' tried instead on input line 5.
LaTeX Font Info:    Font shape `OT1/ptm/bx/n' in size <6> not available
(Font)              Font shape `OT1/ptm/b/n' tried instead on input line 5.
[49] [50] [51] (./charts/U1.tex
===== Image 'tikzexternal-correct/main-correct-figure221' is up-to-date. ======

) (./charts/U2.tex
===== Image 'tikzexternal-correct/main-correct-figure222' is up-to-date. ======

) (./charts/U3.tex
===== Image 'tikzexternal-correct/main-correct-figure223' is up-to-date. ======

) (./charts/U4.tex
===== Image 'tikzexternal-correct/main-correct-figure224' is up-to-date. ======

) (./charts/U5.tex
===== Image 'tikzexternal-correct/main-correct-figure225' is up-to-date. ======

) (./charts/U6.tex
===== Image 'tikzexternal-correct/main-correct-figure226' is up-to-date. ======

) (./charts/U7.tex
===== Image 'tikzexternal-correct/main-correct-figure227' is up-to-date. ======

) [52




 <./tikzexternal-correct/main-correct-figure221.pdf> <./tikzexternal-correct/ma
in-correct-figure222.pdf> <./tikzexternal-correct/main-correct-figure223.pdf> <
./tikzexternal-correct/main-correct-figure224.pdf> <./tikzexternal-correct/main
-correct-figure225.pdf> <./tikzexternal-correct/main-correct-figure226.pdf>] (.
/charts/U8.tex
===== Image 'tikzexternal-correct/main-correct-figure228' is up-to-date. ======

) (./charts/U9.tex
===== Image 'tikzexternal-correct/main-correct-figure229' is up-to-date. ======

) (./charts/U10.tex
===== Image 'tikzexternal-correct/main-correct-figure230' is up-to-date. ======

) (./charts/U11.tex
===== Image 'tikzexternal-correct/main-correct-figure231' is up-to-date. ======

) (./charts/U12.tex
===== Image 'tikzexternal-correct/main-correct-figure232' is up-to-date. ======

) (./charts/U13.tex
===== Image 'tikzexternal-correct/main-correct-figure233' is up-to-date. ======

) [53 <./tikzexternal-correct/main-correct-figure227.pdf> <./tikzexternal-corre
ct/main-correct-figure228.pdf> <./tikzexternal-correct/main-correct-figure229.p
df> <./tikzexternal-correct/main-correct-figure230.pdf> <./tikzexternal-correct
/main-correct-figure231.pdf> <./tikzexternal-correct/main-correct-figure232.pdf
>] (./charts/U14.tex
===== Image 'tikzexternal-correct/main-correct-figure234' is up-to-date. ======

) (./charts/U15.tex
===== Image 'tikzexternal-correct/main-correct-figure235' is up-to-date. ======

) (./charts/U16.tex
===== Image 'tikzexternal-correct/main-correct-figure236' is up-to-date. ======

) (./charts/U17.tex
===== Image 'tikzexternal-correct/main-correct-figure237' is up-to-date. ======

) (./charts/U18.tex
===== Image 'tikzexternal-correct/main-correct-figure238' is up-to-date. ======

) (./charts/U19.tex
===== Image 'tikzexternal-correct/main-correct-figure239' is up-to-date. ======

) [54 <./tikzexternal-correct/main-correct-figure233.pdf> <./tikzexternal-corre
ct/main-correct-figure234.pdf> <./tikzexternal-correct/main-correct-figure235.p
df> <./tikzexternal-correct/main-correct-figure236.pdf> <./tikzexternal-correct
/main-correct-figure237.pdf> <./tikzexternal-correct/main-correct-figure238.pdf
>] (./charts/U20.tex
===== Image 'tikzexternal-correct/main-correct-figure240' is up-to-date. ======

) (./charts/U21.tex
===== Image 'tikzexternal-correct/main-correct-figure241' is up-to-date. ======

) (./charts/U22.tex
===== Image 'tikzexternal-correct/main-correct-figure242' is up-to-date. ======

) (./charts/U23.tex
===== Image 'tikzexternal-correct/main-correct-figure243' is up-to-date. ======

) (./charts/U24.tex
===== Image 'tikzexternal-correct/main-correct-figure244' is up-to-date. ======

) (./charts/U25.tex
===== Image 'tikzexternal-correct/main-correct-figure245' is up-to-date. ======

) [55 <./tikzexternal-correct/main-correct-figure239.pdf> <./tikzexternal-corre
ct/main-correct-figure240.pdf> <./tikzexternal-correct/main-correct-figure241.p
df> <./tikzexternal-correct/main-correct-figure242.pdf> <./tikzexternal-correct
/main-correct-figure243.pdf> <./tikzexternal-correct/main-correct-figure244.pdf
>] (./charts/U26.tex
===== Image 'tikzexternal-correct/main-correct-figure246' is up-to-date. ======

) (./charts/U27.tex
===== Image 'tikzexternal-correct/main-correct-figure247' is up-to-date. ======

) (./charts/U28.tex
===== Image 'tikzexternal-correct/main-correct-figure248' is up-to-date. ======

) (./charts/U29.tex
===== Image 'tikzexternal-correct/main-correct-figure249' is up-to-date. ======

) (./charts/U30.tex
===== Image 'tikzexternal-correct/main-correct-figure250' is up-to-date. ======

) (./charts/U31.tex
===== Image 'tikzexternal-correct/main-correct-figure251' is up-to-date. ======

) [56 <./tikzexternal-correct/main-correct-figure245.pdf> <./tikzexternal-corre
ct/main-correct-figure246.pdf> <./tikzexternal-correct/main-correct-figure247.p
df> <./tikzexternal-correct/main-correct-figure248.pdf> <./tikzexternal-correct
/main-correct-figure249.pdf> <./tikzexternal-correct/main-correct-figure250.pdf
>] (./charts/U32.tex
===== Image 'tikzexternal-correct/main-correct-figure252' is up-to-date. ======

) (./charts/U33.tex
===== Image 'tikzexternal-correct/main-correct-figure253' is up-to-date. ======

) (./charts/U34.tex
===== Image 'tikzexternal-correct/main-correct-figure254' is up-to-date. ======

) (./charts/U35.tex
===== Image 'tikzexternal-correct/main-correct-figure255' is up-to-date. ======

) (./charts/U36.tex
===== Image 'tikzexternal-correct/main-correct-figure256' is up-to-date. ======

) (./charts/U37.tex
===== Image 'tikzexternal-correct/main-correct-figure257' is up-to-date. ======

) [57 <./tikzexternal-correct/main-correct-figure251.pdf> <./tikzexternal-corre
ct/main-correct-figure252.pdf> <./tikzexternal-correct/main-correct-figure253.p
df> <./tikzexternal-correct/main-correct-figure254.pdf> <./tikzexternal-correct
/main-correct-figure255.pdf> <./tikzexternal-correct/main-correct-figure256.pdf
>] (./charts/U38.tex
===== Image 'tikzexternal-correct/main-correct-figure258' is up-to-date. ======

) (./charts/U39.tex
===== Image 'tikzexternal-correct/main-correct-figure259' is up-to-date. ======

) (./charts/U40.tex
===== Image 'tikzexternal-correct/main-correct-figure260' is up-to-date. ======

) (./charts/U41.tex
===== Image 'tikzexternal-correct/main-correct-figure261' is up-to-date. ======

) (./charts/U42.tex
===== Image 'tikzexternal-correct/main-correct-figure262' is up-to-date. ======

) (./charts/U43.tex
===== Image 'tikzexternal-correct/main-correct-figure263' is up-to-date. ======

) [58 <./tikzexternal-correct/main-correct-figure257.pdf> <./tikzexternal-corre
ct/main-correct-figure258.pdf> <./tikzexternal-correct/main-correct-figure259.p
df> <./tikzexternal-correct/main-correct-figure260.pdf> <./tikzexternal-correct
/main-correct-figure261.pdf> <./tikzexternal-correct/main-correct-figure262.pdf
>] (./charts/U44.tex
===== Image 'tikzexternal-correct/main-correct-figure264' is up-to-date. ======

) (./charts/U45.tex
===== Image 'tikzexternal-correct/main-correct-figure265' is up-to-date. ======

) (./charts/U46.tex
===== Image 'tikzexternal-correct/main-correct-figure266' is up-to-date. ======

) (./charts/U47.tex
===== Image 'tikzexternal-correct/main-correct-figure267' is up-to-date. ======

) (./charts/U48.tex
===== Image 'tikzexternal-correct/main-correct-figure268' is up-to-date. ======

) (./charts/U49.tex
===== Image 'tikzexternal-correct/main-correct-figure269' is up-to-date. ======

) [59 <./tikzexternal-correct/main-correct-figure263.pdf> <./tikzexternal-corre
ct/main-correct-figure264.pdf> <./tikzexternal-correct/main-correct-figure265.p
df> <./tikzexternal-correct/main-correct-figure266.pdf> <./tikzexternal-correct
/main-correct-figure267.pdf> <./tikzexternal-correct/main-correct-figure268.pdf
>] (./charts/U50.tex
===== Image 'tikzexternal-correct/main-correct-figure270' is up-to-date. ======

) (./charts/U51.tex
===== Image 'tikzexternal-correct/main-correct-figure271' is up-to-date. ======

) (./charts/U52.tex
===== Image 'tikzexternal-correct/main-correct-figure272' is up-to-date. ======

) (./charts/U53.tex
===== Image 'tikzexternal-correct/main-correct-figure273' is up-to-date. ======

) (./charts/U54.tex
===== Image 'tikzexternal-correct/main-correct-figure274' is up-to-date. ======

) (./charts/U55.tex
===== Image 'tikzexternal-correct/main-correct-figure275' is up-to-date. ======

) [60 <./tikzexternal-correct/main-correct-figure269.pdf> <./tikzexternal-corre
ct/main-correct-figure270.pdf> <./tikzexternal-correct/main-correct-figure271.p
df> <./tikzexternal-correct/main-correct-figure272.pdf> <./tikzexternal-correct
/main-correct-figure273.pdf> <./tikzexternal-correct/main-correct-figure274.pdf
>] (./charts/U56.tex
===== Image 'tikzexternal-correct/main-correct-figure276' is up-to-date. ======

) (./charts/U57.tex
===== Image 'tikzexternal-correct/main-correct-figure277' is up-to-date. ======

) (./charts/U58.tex
===== Image 'tikzexternal-correct/main-correct-figure278' is up-to-date. ======

) (./charts/U59.tex
===== Image 'tikzexternal-correct/main-correct-figure279' is up-to-date. ======

) (./charts/U60.tex
===== Image 'tikzexternal-correct/main-correct-figure280' is up-to-date. ======

) (./charts/U61.tex
===== Image 'tikzexternal-correct/main-correct-figure281' is up-to-date. ======

) [61 <./tikzexternal-correct/main-correct-figure275.pdf> <./tikzexternal-corre
ct/main-correct-figure276.pdf> <./tikzexternal-correct/main-correct-figure277.p
df> <./tikzexternal-correct/main-correct-figure278.pdf> <./tikzexternal-correct
/main-correct-figure279.pdf> <./tikzexternal-correct/main-correct-figure280.pdf
>] (./charts/U62.tex
===== Image 'tikzexternal-correct/main-correct-figure282' is up-to-date. ======

) (./charts/U63.tex
===== Image 'tikzexternal-correct/main-correct-figure283' is up-to-date. ======

) (./charts/U64.tex
===== Image 'tikzexternal-correct/main-correct-figure284' is up-to-date. ======

) (./charts/U65.tex
===== Image 'tikzexternal-correct/main-correct-figure285' is up-to-date. ======

) (./charts/U66.tex
===== Image 'tikzexternal-correct/main-correct-figure286' is up-to-date. ======

) (./charts/U67.tex
===== Image 'tikzexternal-correct/main-correct-figure287' is up-to-date. ======

) [62 <./tikzexternal-correct/main-correct-figure281.pdf> <./tikzexternal-corre
ct/main-correct-figure282.pdf> <./tikzexternal-correct/main-correct-figure283.p
df> <./tikzexternal-correct/main-correct-figure284.pdf> <./tikzexternal-correct
/main-correct-figure285.pdf> <./tikzexternal-correct/main-correct-figure286.pdf
>] (./charts/U68.tex
===== Image 'tikzexternal-correct/main-correct-figure288' is up-to-date. ======

) (./charts/U69.tex
===== Image 'tikzexternal-correct/main-correct-figure289' is up-to-date. ======

) (./charts/U70.tex
===== Image 'tikzexternal-correct/main-correct-figure290' is up-to-date. ======

) (./charts/U71.tex
===== Image 'tikzexternal-correct/main-correct-figure291' is up-to-date. ======

) (./charts/U72.tex
===== Image 'tikzexternal-correct/main-correct-figure292' is up-to-date. ======

) (./charts/U73.tex
===== Image 'tikzexternal-correct/main-correct-figure293' is up-to-date. ======

) [63 <./tikzexternal-correct/main-correct-figure287.pdf> <./tikzexternal-corre
ct/main-correct-figure288.pdf> <./tikzexternal-correct/main-correct-figure289.p
df> <./tikzexternal-correct/main-correct-figure290.pdf> <./tikzexternal-correct
/main-correct-figure291.pdf> <./tikzexternal-correct/main-correct-figure292.pdf
>] (./charts/U74.tex
===== Image 'tikzexternal-correct/main-correct-figure294' is up-to-date. ======

) (./charts/U75.tex
===== Image 'tikzexternal-correct/main-correct-figure295' is up-to-date. ======

) (./charts/U76.tex
===== Image 'tikzexternal-correct/main-correct-figure296' is up-to-date. ======

) (./charts/U77.tex
===== Image 'tikzexternal-correct/main-correct-figure297' is up-to-date. ======

) (./charts/U78.tex
===== Image 'tikzexternal-correct/main-correct-figure298' is up-to-date. ======

) (./charts/U79.tex
===== Image 'tikzexternal-correct/main-correct-figure299' is up-to-date. ======

) [64 <./tikzexternal-correct/main-correct-figure293.pdf> <./tikzexternal-corre
ct/main-correct-figure294.pdf> <./tikzexternal-correct/main-correct-figure295.p
df> <./tikzexternal-correct/main-correct-figure296.pdf> <./tikzexternal-correct
/main-correct-figure297.pdf> <./tikzexternal-correct/main-correct-figure298.pdf
>] (./charts/U80.tex
===== Image 'tikzexternal-correct/main-correct-figure300' is up-to-date. ======

) (./charts/U81.tex
===== Image 'tikzexternal-correct/main-correct-figure301' is up-to-date. ======

) (./charts/U82.tex
===== Image 'tikzexternal-correct/main-correct-figure302' is up-to-date. ======

) (./charts/U83.tex
===== Image 'tikzexternal-correct/main-correct-figure303' is up-to-date. ======

) (./charts/U84.tex
===== Image 'tikzexternal-correct/main-correct-figure304' is up-to-date. ======

) (./charts/U85.tex
===== Image 'tikzexternal-correct/main-correct-figure305' is up-to-date. ======

) [65 <./tikzexternal-correct/main-correct-figure299.pdf> <./tikzexternal-corre
ct/main-correct-figure300.pdf> <./tikzexternal-correct/main-correct-figure301.p
df> <./tikzexternal-correct/main-correct-figure302.pdf> <./tikzexternal-correct
/main-correct-figure303.pdf> <./tikzexternal-correct/main-correct-figure304.pdf
>] (./charts/U86.tex
===== Image 'tikzexternal-correct/main-correct-figure306' is up-to-date. ======

) (./charts/U87.tex
===== Image 'tikzexternal-correct/main-correct-figure307' is up-to-date. ======

) [66

 <./tikzexternal-correct/main-correct-figure305.pdf> <./tikzexternal-correct/ma
in-correct-figure306.pdf> <./tikzexternal-correct/main-correct-figure307.pdf>])
\openout2 = `bibliography.aux'.

 (./bibliography.tex) [67




]
Package atveryend Info: Empty hook `BeforeClearDocument' on input line 83.
Package atveryend Info: Empty hook `AfterLastShipout' on input line 83.
 (./main-correct.aux (./frontmatter.aux)
(./preface.aux) (./M.aux) (./C.aux) (./U.aux) (./bibliography.aux))
Package atveryend Info: Executing hook `AtVeryEndDocument' on input line 83.
Package atveryend Info: Empty hook `AtEndAfterFileList' on input line 83.
Package atveryend Info: Empty hook `AtVeryVeryEnd' on input line 83.
 ) ) 
Here is how much of TeX's memory you used:
 14214 strings out of 492616
 281381 string characters out of 6128982
 486495 words of memory out of 5000000
 16571 multiletter control sequences out of 15000+600000
 40642 words of font info for 82 fonts, out of 8000000 for 9000
 1141 hyphenation exceptions out of 8191
 57i,9n,58p,729b,202s stack positions out of 5000i,500n,10000p,200000b,80000s
{/usr/local/texlive/2018/texmf-dist/fonts/enc/dvips/base/8r.enc}</usr/local
/texlive/2018/texmf-dist/fonts/type1/public/amsfonts/cm/cmmi10.pfb></usr/local/
texlive/2018/texmf-dist/fonts/type1/public/amsfonts/cm/cmr10.pfb></usr/local/te
xlive/2018/texmf-dist/fonts/type1/public/amsfonts/cm/cmsy10.pfb></usr/local/tex
live/2018/texmf-dist/fonts/type1/public/amsfonts/cm/cmsy9.pfb></usr/local/texli
ve/2018/texmf-dist/fonts/type1/urw/symbol/usyr.pfb></usr/local/texlive/2018/tex
mf-dist/fonts/type1/urw/times/utmb8a.pfb></usr/local/texlive/2018/texmf-dist/fo
nts/type1/urw/times/utmr8a.pfb></usr/local/texlive/2018/texmf-dist/fonts/type1/
urw/times/utmri8a.pfb>
Output written on main-correct.pdf (75 pages, 4889729 bytes).
PDF statistics:
 1863 PDF objects out of 2073 (max. 8388607)
 1455 compressed objects within 15 object streams
 0 named destinations out of 1000 (max. 500000)
 1553 words of extra memory for PDF output out of 10000 (max. 10000000)

